<?xml version="1.0" encoding="UTF-8" ?>
<testsuites disabled="0" errors="0" failures="1" tests="2" time="9155">
 <testsuite name="Protractor Test" timestamp="2018-01-30T17:59:38" hostname="localhost" time="9.155" errors="0" tests="2" skipped="0" disabled="0" failures="1">
  <testcase classname="Protractor Test" name="should add a new item" time="6.388" />
  <testcase classname="Protractor Test" name="should open Tutorial page" time="2.763">
   <failure type="toEqual" message="Expected &apos;AngularJS: Tutorial: Tutorial&apos; to equal &apos;AngularJS: Tutorial: Tutorial2&apos;."><![CDATA[Error: Failed expectation
    at UserContext.<anonymous> (/Users/poxa/Automation/protractor/protractor-test/src/test/javascript/pt-spec.js:44:35)
    at /usr/local/lib/node_modules/protractor/node_modules/jasminewd2/index.js:112:25
    at new ManagedPromise (/usr/local/lib/node_modules/protractor/node_modules/selenium-webdriver/lib/promise.js:1077:7)
    at ControlFlow.promise (/usr/local/lib/node_modules/protractor/node_modules/selenium-webdriver/lib/promise.js:2505:12)
    at schedulerExecute (/usr/local/lib/node_modules/protractor/node_modules/jasminewd2/index.js:95:18)
    at TaskQueue.execute_ (/usr/local/lib/node_modules/protractor/node_modules/selenium-webdriver/lib/promise.js:3084:14)
    at TaskQueue.executeNext_ (/usr/local/lib/node_modules/protractor/node_modules/selenium-webdriver/lib/promise.js:3067:27)
    at asyncRun (/usr/local/lib/node_modules/protractor/node_modules/selenium-webdriver/lib/promise.js:2927:27)
    at /usr/local/lib/node_modules/protractor/node_modules/selenium-webdriver/lib/promise.js:668:7]]>
   </failure>
  </testcase>
 </testsuite>
</testsuites>